<?xml version="1.0" encoding="UTF-8"?>
<!-- Generated by org.testng.reporters.JUnitReportReporter -->
<testsuite hostname="Nikita" failures="0" tests="1" name="practical.FlipkartTest" time="84.985" errors="0" timestamp="15 Jun 2020 07:24:47 GMT" skipped="0">
  <testcase classname="practical.FlipkartTest" name="f" time="84.985"/>
</testsuite> <!-- practical.FlipkartTest -->
